<?xml version="1.0" encoding="UTF-8"?>
<testng-results skipped="0" failed="0" ignored="0" total="1" passed="1">
  <reporter-output>
  </reporter-output>
  <suite name="Default suite" duration-ms="11172" started-at="2020-08-05T08:21:24Z" finished-at="2020-08-05T08:21:35Z">
    <groups>
    </groups>
    <test name="Default test" duration-ms="11172" started-at="2020-08-05T08:21:24Z" finished-at="2020-08-05T08:21:35Z">
      <class name="api.GETExample">
        <test-method status="PASS" signature="GetAssetID()[pri:0, instance:api.GETExample@1ce92674]" name="GetAssetID" duration-ms="11082" started-at="2020-08-05T08:21:24Z" finished-at="2020-08-05T08:21:35Z">
          <reporter-output>
          </reporter-output>
        </test-method> <!-- GetAssetID -->
      </class> <!-- api.GETExample -->
    </test> <!-- Default test -->
  </suite> <!-- Default suite -->
</testng-results>
